Using pre-set license
Built from '2020.2/staging' branch; Version is '2020.2.7f1 (c53830e277f1) revision 12924976'; Using compiler version '192528614'; Build Type 'Release'
OS: 'Windows 10 Pro; OS build 19041.928; Version 2004; 64bit' Language: 'en' Physical Memory: 65353 MB
BatchMode: 1, IsHumanControllingUs: 0, StartBugReporterOnCrash: 0, Is64bit: 1, IsPro: 0

 COMMAND LINE ARGUMENTS:
C:\Program Files\Unity\Hub\Editor\2020.2.7f1\Editor\Unity.exe
-adb2
-batchMode
-noUpm
-name
AssetImportWorker1
-projectPath
C:/Users/User/Documents/Unity Projects/Baggage
-logFile
Logs/AssetImportWorker1.log
-srvPort
60493
Successfully changed project path to: C:/Users/User/Documents/Unity Projects/Baggage
C:/Users/User/Documents/Unity Projects/Baggage
Using Asset Import Pipeline V2.
Refreshing native plugins compatible for Editor in 37.90 ms, found 1 plugins.
Preloading 0 native plugins for Editor in 0.00 ms.
Initialize engine version: 2020.2.7f1 (c53830e277f1)
[Subsystems] Discovering subsystems at path C:/Program Files/Unity/Hub/Editor/2020.2.7f1/Editor/Data/Resources/UnitySubsystems
[Subsystems] Discovering subsystems at path C:/Users/User/Documents/Unity Projects/Baggage/Assets
GfxDevice: creating device client; threaded=0
Direct3D:
    Version:  Direct3D 11.0 [level 11.1]
    Renderer: NVIDIA GeForce RTX 3070 Laptop GPU (ID=0x249d)
    Vendor:   
    VRAM:     8044 MB
    Driver:   27.21.14.6172
Initialize mono
Mono path[0] = 'C:/Program Files/Unity/Hub/Editor/2020.2.7f1/Editor/Data/Managed'
Mono path[1] = 'C:/Program Files/Unity/Hub/Editor/2020.2.7f1/Editor/Data/MonoBleedingEdge/lib/mono/unityjit'
Mono config path = 'C:/Program Files/Unity/Hub/Editor/2020.2.7f1/Editor/Data/MonoBleedingEdge/etc'
Using monoOptions --debugger-agent=transport=dt_socket,embedding=1,server=y,suspend=n,address=127.0.0.1:56864
Begin MonoManager ReloadAssembly
Registering precompiled unity dll's ...
Register platform support module: C:/Program Files/Unity/Hub/Editor/2020.2.7f1/Editor/Data/PlaybackEngines/MacStandaloneSupport/UnityEditor.OSXStandalone.Extensions.dll
Register platform support module: C:/Program Files/Unity/Hub/Editor/2020.2.7f1/Editor/Data/PlaybackEngines/WindowsStandaloneSupport/UnityEditor.WindowsStandalone.Extensions.dll
Registered in 0.002258 seconds.
Native extension for WindowsStandalone target not found
Native extension for OSXStandalone target not found
Refreshing native plugins compatible for Editor in 39.56 ms, found 1 plugins.
Preloading 0 native plugins for Editor in 0.00 ms.
Invoked RoslynAnalysisRunner static constructor.
RoslynAnalysisRunner will not be running.
RoslynAnalysisRunner has terminated.
Mono: successfully reloaded assembly
- Completed reload, in  1.159 seconds
Platform modules already initialized, skipping
Registering precompiled user dll's ...
Registered in 0.000843 seconds.
Begin MonoManager ReloadAssembly
Native extension for WindowsStandalone target not found
Native extension for OSXStandalone target not found
Refreshing native plugins compatible for Editor in 39.30 ms, found 1 plugins.
Preloading 0 native plugins for Editor in 0.00 ms.
Invoked RoslynAnalysisRunner static constructor.
RoslynAnalysisRunner will not be running.
RoslynAnalysisRunner has terminated.
Mono: successfully reloaded assembly
- Completed reload, in  0.890 seconds
Platform modules already initialized, skipping
========================================================================
Worker process is ready to serve import requests
Launched and connected shader compiler UnityShaderCompiler.exe after 0.03 seconds
Refreshing native plugins compatible for Editor in 0.39 ms, found 1 plugins.
Preloading 0 native plugins for Editor in 0.00 ms.
Unloading 2070 Unused Serialized files (Serialized files now loaded: 0)
System memory in use before: 93.7 MB.
System memory in use after: 93.7 MB.

Unloading 24 unused Assets to reduce memory usage. Loaded Objects now: 2514.
Total: 2.199100 ms (FindLiveObjects: 0.472600 ms CreateObjectMapping: 0.097200 ms MarkObjects: 1.478000 ms  DeleteObjects: 0.150600 ms)

========================================================================
Received Import Request.
  path: Assets/Images/ImagesThatNeedProgrammerArt/girl/RunTimeline.playable
  artifactKey: Guid(f430d08f85147314490f3e01f7f52a3b) Importer(815301076,1909f56bfc062723c751e8b465ee728b)
Start importing Assets/Images/ImagesThatNeedProgrammerArt/girl/RunTimeline.playable using Guid(f430d08f85147314490f3e01f7f52a3b) Importer(815301076,1909f56bfc062723c751e8b465ee728b)  -> (artifact id: '66ed05b09a32335209d160f66bd6ee73') in 0.032840 seconds
  Import took 0.035846 seconds .

========================================================================
Received Import Request.
  Time since last request: 8.188949 seconds.
  path: Assets/Images/ImagesThatNeedProgrammerArt/girl/NewBehaviourScript.cs
  artifactKey: Guid(1a8a9ac968fb8ad49a0779af12684075) Importer(815301076,1909f56bfc062723c751e8b465ee728b)
Start importing Assets/Images/ImagesThatNeedProgrammerArt/girl/NewBehaviourScript.cs using Guid(1a8a9ac968fb8ad49a0779af12684075) Importer(815301076,1909f56bfc062723c751e8b465ee728b)  -> (artifact id: 'aff360403ed7125239adb2cce0743c9f') in 0.009202 seconds
  Import took 0.012671 seconds .

========================================================================
Received Prepare
Registering precompiled user dll's ...
Registered in 0.000950 seconds.
Begin MonoManager ReloadAssembly
Native extension for WindowsStandalone target not found
Native extension for OSXStandalone target not found
Refreshing native plugins compatible for Editor in 0.55 ms, found 1 plugins.
Preloading 0 native plugins for Editor in 0.00 ms.
Invoked RoslynAnalysisRunner static constructor.
RoslynAnalysisRunner will not be running.
RoslynAnalysisRunner has terminated.
Mono: successfully reloaded assembly
- Completed reload, in  0.895 seconds
Platform modules already initialized, skipping
Refreshing native plugins compatible for Editor in 0.40 ms, found 1 plugins.
Preloading 0 native plugins for Editor in 0.00 ms.
Unloading 2053 Unused Serialized files (Serialized files now loaded: 0)
System memory in use before: 92.7 MB.
System memory in use after: 92.7 MB.

Unloading 12 unused Assets to reduce memory usage. Loaded Objects now: 2519.
Total: 2.279900 ms (FindLiveObjects: 0.379200 ms CreateObjectMapping: 0.144200 ms MarkObjects: 1.659300 ms  DeleteObjects: 0.096300 ms)

========================================================================
Received Prepare
Registering precompiled user dll's ...
Registered in 0.000850 seconds.
Begin MonoManager ReloadAssembly
Native extension for WindowsStandalone target not found
Native extension for OSXStandalone target not found
Refreshing native plugins compatible for Editor in 0.38 ms, found 1 plugins.
Preloading 0 native plugins for Editor in 0.00 ms.
Invoked RoslynAnalysisRunner static constructor.
RoslynAnalysisRunner will not be running.
RoslynAnalysisRunner has terminated.
Mono: successfully reloaded assembly
- Completed reload, in  0.926 seconds
Platform modules already initialized, skipping
Refreshing native plugins compatible for Editor in 0.39 ms, found 1 plugins.
Preloading 0 native plugins for Editor in 0.00 ms.
Unloading 2052 Unused Serialized files (Serialized files now loaded: 0)
System memory in use before: 92.7 MB.
System memory in use after: 92.7 MB.

Unloading 13 unused Assets to reduce memory usage. Loaded Objects now: 2522.
Total: 2.299400 ms (FindLiveObjects: 0.358900 ms CreateObjectMapping: 0.115500 ms MarkObjects: 1.643800 ms  DeleteObjects: 0.180300 ms)

========================================================================
Received Import Request.
  Time since last request: 12.169226 seconds.
  path: Assets/Images/ImagesThatNeedProgrammerArt/girl/RunTimeline 1.playable
  artifactKey: Guid(a5fcf5a6bff1e2946b942c27dfed9e8e) Importer(815301076,1909f56bfc062723c751e8b465ee728b)
Start importing Assets/Images/ImagesThatNeedProgrammerArt/girl/RunTimeline 1.playable using Guid(a5fcf5a6bff1e2946b942c27dfed9e8e) Importer(815301076,1909f56bfc062723c751e8b465ee728b)  -> (artifact id: '60ede662f3e004a9a8ed7f010b4b276c') in 0.032115 seconds
  Import took 0.035351 seconds .

========================================================================
Received Import Request.
  Time since last request: 0.000277 seconds.
  path: Assets/Images/ImagesThatNeedProgrammerArt/girl/RunTimeline.playable
  artifactKey: Guid(f430d08f85147314490f3e01f7f52a3b) Importer(815301076,1909f56bfc062723c751e8b465ee728b)
Start importing Assets/Images/ImagesThatNeedProgrammerArt/girl/RunTimeline.playable using Guid(f430d08f85147314490f3e01f7f52a3b) Importer(815301076,1909f56bfc062723c751e8b465ee728b)  -> (artifact id: '4b8dbf443ba2afa424f9dcbb21e161b7') in 0.003172 seconds
  Import took 0.006288 seconds .

========================================================================
Received Import Request.
  Time since last request: 0.000198 seconds.
  path: Assets/Images/ImagesThatNeedProgrammerArt/girl/RunTimeline 1.playable
  artifactKey: Guid(a5fcf5a6bff1e2946b942c27dfed9e8e) Importer(815301076,1909f56bfc062723c751e8b465ee728b)
Start importing Assets/Images/ImagesThatNeedProgrammerArt/girl/RunTimeline 1.playable using Guid(a5fcf5a6bff1e2946b942c27dfed9e8e) Importer(815301076,1909f56bfc062723c751e8b465ee728b)  -> (artifact id: '60ede662f3e004a9a8ed7f010b4b276c') in 0.003566 seconds
  Import took 0.006769 seconds .

========================================================================
Received Import Request.
  Time since last request: 6.044148 seconds.
  path: Assets/Images/ImagesThatNeedProgrammerArt/girl/Idle Timeline.playable
  artifactKey: Guid(a5fcf5a6bff1e2946b942c27dfed9e8e) Importer(815301076,1909f56bfc062723c751e8b465ee728b)
Start importing Assets/Images/ImagesThatNeedProgrammerArt/girl/Idle Timeline.playable using Guid(a5fcf5a6bff1e2946b942c27dfed9e8e) Importer(815301076,1909f56bfc062723c751e8b465ee728b)  -> (artifact id: 'f35e74b758f57bc69d7e48ba629cd134') in 0.008529 seconds
  Import took 0.012545 seconds .

========================================================================
Received Import Request.
  Time since last request: 0.001462 seconds.
  path: Assets/Images/ImagesThatNeedProgrammerArt/girl/Idle Timeline.playable
  artifactKey: Guid(a5fcf5a6bff1e2946b942c27dfed9e8e) Importer(815301076,1909f56bfc062723c751e8b465ee728b)
Start importing Assets/Images/ImagesThatNeedProgrammerArt/girl/Idle Timeline.playable using Guid(a5fcf5a6bff1e2946b942c27dfed9e8e) Importer(815301076,1909f56bfc062723c751e8b465ee728b)  -> (artifact id: 'f35e74b758f57bc69d7e48ba629cd134') in 0.003269 seconds
  Import took 0.006144 seconds .

========================================================================
Received Import Request.
  Time since last request: 123.736438 seconds.
  path: Assets/Images/ImagesThatNeedProgrammerArt/girl/Idle Timeline 1.playable
  artifactKey: Guid(60921350e481a5c449fe08dbe7b910af) Importer(815301076,1909f56bfc062723c751e8b465ee728b)
Start importing Assets/Images/ImagesThatNeedProgrammerArt/girl/Idle Timeline 1.playable using Guid(60921350e481a5c449fe08dbe7b910af) Importer(815301076,1909f56bfc062723c751e8b465ee728b)  -> (artifact id: 'c31f6378c62aceb968fb3f83facd0ba6') in 0.007711 seconds
  Import took 0.011642 seconds .

========================================================================
Received Import Request.
  Time since last request: 0.000195 seconds.
  path: Assets/Images/ImagesThatNeedProgrammerArt/girl/Idle Timeline.playable
  artifactKey: Guid(a5fcf5a6bff1e2946b942c27dfed9e8e) Importer(815301076,1909f56bfc062723c751e8b465ee728b)
Start importing Assets/Images/ImagesThatNeedProgrammerArt/girl/Idle Timeline.playable using Guid(a5fcf5a6bff1e2946b942c27dfed9e8e) Importer(815301076,1909f56bfc062723c751e8b465ee728b)  -> (artifact id: 'da69595569a3ccde97180e9b3bfa3105') in 0.002999 seconds
  Import took 0.006882 seconds .

========================================================================
Received Import Request.
  Time since last request: 14.513202 seconds.
  path: Assets/Images/ImagesThatNeedProgrammerArt/girl/Land Timeline.playable
  artifactKey: Guid(60921350e481a5c449fe08dbe7b910af) Importer(815301076,1909f56bfc062723c751e8b465ee728b)
Start importing Assets/Images/ImagesThatNeedProgrammerArt/girl/Land Timeline.playable using Guid(60921350e481a5c449fe08dbe7b910af) Importer(815301076,1909f56bfc062723c751e8b465ee728b)  -> (artifact id: '5bd07b46a4fd2a19c13e5a6e5fb41a97') in 0.007214 seconds
  Import took 0.010812 seconds .

========================================================================
Received Prepare
Registering precompiled user dll's ...
Registered in 0.000836 seconds.
Begin MonoManager ReloadAssembly
Native extension for WindowsStandalone target not found
Native extension for OSXStandalone target not found
Refreshing native plugins compatible for Editor in 0.38 ms, found 1 plugins.
Preloading 0 native plugins for Editor in 0.00 ms.
Invoked RoslynAnalysisRunner static constructor.
RoslynAnalysisRunner will not be running.
RoslynAnalysisRunner has terminated.
Mono: successfully reloaded assembly
- Completed reload, in  0.812 seconds
Platform modules already initialized, skipping
Refreshing native plugins compatible for Editor in 0.39 ms, found 1 plugins.
Preloading 0 native plugins for Editor in 0.00 ms.
Unloading 2052 Unused Serialized files (Serialized files now loaded: 0)
System memory in use before: 92.7 MB.
System memory in use after: 92.7 MB.

Unloading 12 unused Assets to reduce memory usage. Loaded Objects now: 2526.
Total: 2.021300 ms (FindLiveObjects: 0.259700 ms CreateObjectMapping: 0.071300 ms MarkObjects: 1.547000 ms  DeleteObjects: 0.142500 ms)

========================================================================
Received Prepare
Registering precompiled user dll's ...
Registered in 0.001434 seconds.
Begin MonoManager ReloadAssembly
Native extension for WindowsStandalone target not found
Native extension for OSXStandalone target not found
Refreshing native plugins compatible for Editor in 0.58 ms, found 1 plugins.
Preloading 0 native plugins for Editor in 0.00 ms.
Invoked RoslynAnalysisRunner static constructor.
RoslynAnalysisRunner will not be running.
RoslynAnalysisRunner has terminated.
Mono: successfully reloaded assembly
- Completed reload, in  1.385 seconds
Platform modules already initialized, skipping
Refreshing native plugins compatible for Editor in 0.46 ms, found 1 plugins.
Preloading 0 native plugins for Editor in 0.00 ms.
Unloading 2052 Unused Serialized files (Serialized files now loaded: 0)
System memory in use before: 92.8 MB.
System memory in use after: 92.8 MB.

Unloading 12 unused Assets to reduce memory usage. Loaded Objects now: 2530.
Total: 2.076700 ms (FindLiveObjects: 0.207600 ms CreateObjectMapping: 0.077000 ms MarkObjects: 1.653200 ms  DeleteObjects: 0.137700 ms)

========================================================================
Received Prepare
Registering precompiled user dll's ...
Registered in 0.000834 seconds.
Begin MonoManager ReloadAssembly
Native extension for WindowsStandalone target not found
Native extension for OSXStandalone target not found
Refreshing native plugins compatible for Editor in 0.42 ms, found 1 plugins.
Preloading 0 native plugins for Editor in 0.00 ms.
Invoked RoslynAnalysisRunner static constructor.
RoslynAnalysisRunner will not be running.
RoslynAnalysisRunner has terminated.
Mono: successfully reloaded assembly
- Completed reload, in  0.857 seconds
Platform modules already initialized, skipping
Refreshing native plugins compatible for Editor in 0.41 ms, found 1 plugins.
Preloading 0 native plugins for Editor in 0.00 ms.
Unloading 2052 Unused Serialized files (Serialized files now loaded: 0)
System memory in use before: 92.8 MB.
System memory in use after: 92.8 MB.

Unloading 12 unused Assets to reduce memory usage. Loaded Objects now: 2534.
Total: 1.875500 ms (FindLiveObjects: 0.236100 ms CreateObjectMapping: 0.085800 ms MarkObjects: 1.458300 ms  DeleteObjects: 0.094300 ms)

========================================================================
Received Prepare
Registering precompiled user dll's ...
Registered in 0.000765 seconds.
Begin MonoManager ReloadAssembly
Native extension for WindowsStandalone target not found
Native extension for OSXStandalone target not found
Refreshing native plugins compatible for Editor in 0.41 ms, found 1 plugins.
Preloading 0 native plugins for Editor in 0.00 ms.
Invoked RoslynAnalysisRunner static constructor.
RoslynAnalysisRunner will not be running.
RoslynAnalysisRunner has terminated.
Mono: successfully reloaded assembly
- Completed reload, in  0.833 seconds
Platform modules already initialized, skipping
Refreshing native plugins compatible for Editor in 0.51 ms, found 1 plugins.
Preloading 0 native plugins for Editor in 0.00 ms.
Unloading 2052 Unused Serialized files (Serialized files now loaded: 0)
System memory in use before: 92.8 MB.
System memory in use after: 92.8 MB.

Unloading 12 unused Assets to reduce memory usage. Loaded Objects now: 2538.
Total: 2.097600 ms (FindLiveObjects: 0.273300 ms CreateObjectMapping: 0.121500 ms MarkObjects: 1.599900 ms  DeleteObjects: 0.101700 ms)

========================================================================
Received Prepare
Registering precompiled user dll's ...
Registered in 0.000748 seconds.
Begin MonoManager ReloadAssembly
Native extension for WindowsStandalone target not found
Native extension for OSXStandalone target not found
Refreshing native plugins compatible for Editor in 0.41 ms, found 1 plugins.
Preloading 0 native plugins for Editor in 0.00 ms.
Invoked RoslynAnalysisRunner static constructor.
RoslynAnalysisRunner will not be running.
RoslynAnalysisRunner has terminated.
Mono: successfully reloaded assembly
- Completed reload, in  0.814 seconds
Platform modules already initialized, skipping
Refreshing native plugins compatible for Editor in 0.39 ms, found 1 plugins.
Preloading 0 native plugins for Editor in 0.00 ms.
Unloading 2052 Unused Serialized files (Serialized files now loaded: 0)
System memory in use before: 92.8 MB.
System memory in use after: 92.8 MB.

Unloading 12 unused Assets to reduce memory usage. Loaded Objects now: 2542.
Total: 2.073900 ms (FindLiveObjects: 0.297600 ms CreateObjectMapping: 0.100500 ms MarkObjects: 1.543100 ms  DeleteObjects: 0.129700 ms)

========================================================================
Received Prepare
Registering precompiled user dll's ...
Registered in 0.001464 seconds.
Begin MonoManager ReloadAssembly
Native extension for WindowsStandalone target not found
Native extension for OSXStandalone target not found
Refreshing native plugins compatible for Editor in 0.72 ms, found 1 plugins.
Preloading 0 native plugins for Editor in 0.00 ms.
Invoked RoslynAnalysisRunner static constructor.
RoslynAnalysisRunner will not be running.
RoslynAnalysisRunner has terminated.
Mono: successfully reloaded assembly
- Completed reload, in  1.363 seconds
Platform modules already initialized, skipping
Refreshing native plugins compatible for Editor in 0.40 ms, found 1 plugins.
Preloading 0 native plugins for Editor in 0.00 ms.
Unloading 2052 Unused Serialized files (Serialized files now loaded: 0)
System memory in use before: 92.8 MB.
System memory in use after: 92.8 MB.

Unloading 12 unused Assets to reduce memory usage. Loaded Objects now: 2546.
Total: 2.246200 ms (FindLiveObjects: 0.204000 ms CreateObjectMapping: 0.073800 ms MarkObjects: 1.872900 ms  DeleteObjects: 0.094400 ms)

========================================================================
Received Prepare
Registering precompiled user dll's ...
Registered in 0.001258 seconds.
Begin MonoManager ReloadAssembly
Native extension for WindowsStandalone target not found
Native extension for OSXStandalone target not found
Refreshing native plugins compatible for Editor in 0.38 ms, found 1 plugins.
Preloading 0 native plugins for Editor in 0.00 ms.
Invoked RoslynAnalysisRunner static constructor.
RoslynAnalysisRunner will not be running.
RoslynAnalysisRunner has terminated.
Mono: successfully reloaded assembly
- Completed reload, in  0.818 seconds
Platform modules already initialized, skipping
Refreshing native plugins compatible for Editor in 0.54 ms, found 1 plugins.
Preloading 0 native plugins for Editor in 0.00 ms.
Unloading 2052 Unused Serialized files (Serialized files now loaded: 0)
System memory in use before: 92.8 MB.
System memory in use after: 92.8 MB.

Unloading 12 unused Assets to reduce memory usage. Loaded Objects now: 2550.
Total: 2.176700 ms (FindLiveObjects: 0.267900 ms CreateObjectMapping: 0.097600 ms MarkObjects: 1.639900 ms  DeleteObjects: 0.170400 ms)

========================================================================
Received Import Request.
  Time since last request: 394.385332 seconds.
  path: Assets/Images/ImagesThatNeedProgrammerArt/girl/IdleTimeline.playable
  artifactKey: Guid(e11bddc7c665b8d4aa2156150cdbf9bc) Importer(815301076,1909f56bfc062723c751e8b465ee728b)
Start importing Assets/Images/ImagesThatNeedProgrammerArt/girl/IdleTimeline.playable using Guid(e11bddc7c665b8d4aa2156150cdbf9bc) Importer(815301076,1909f56bfc062723c751e8b465ee728b)  -> (artifact id: 'b098a845f020a3a9aa24f936c3401f1f') in 0.019246 seconds
  Import took 0.023406 seconds .

========================================================================
Received Import Request.
  Time since last request: 0.001440 seconds.
  path: Assets/Images/ImagesThatNeedProgrammerArt/girl/IdleTimeline.playable
  artifactKey: Guid(e11bddc7c665b8d4aa2156150cdbf9bc) Importer(815301076,1909f56bfc062723c751e8b465ee728b)
Start importing Assets/Images/ImagesThatNeedProgrammerArt/girl/IdleTimeline.playable using Guid(e11bddc7c665b8d4aa2156150cdbf9bc) Importer(815301076,1909f56bfc062723c751e8b465ee728b)  -> (artifact id: 'b098a845f020a3a9aa24f936c3401f1f') in 0.002518 seconds
  Import took 0.005977 seconds .

========================================================================
Received Prepare
Registering precompiled user dll's ...
Registered in 0.001414 seconds.
Begin MonoManager ReloadAssembly
Native extension for WindowsStandalone target not found
Native extension for OSXStandalone target not found
Refreshing native plugins compatible for Editor in 0.58 ms, found 1 plugins.
Preloading 0 native plugins for Editor in 0.00 ms.
Invoked RoslynAnalysisRunner static constructor.
RoslynAnalysisRunner will not be running.
RoslynAnalysisRunner has terminated.
Mono: successfully reloaded assembly
- Completed reload, in  1.366 seconds
Platform modules already initialized, skipping
Refreshing native plugins compatible for Editor in 0.40 ms, found 1 plugins.
Preloading 0 native plugins for Editor in 0.00 ms.
Unloading 2052 Unused Serialized files (Serialized files now loaded: 0)
System memory in use before: 92.8 MB.
System memory in use after: 92.8 MB.

Unloading 12 unused Assets to reduce memory usage. Loaded Objects now: 2554.
Total: 1.749200 ms (FindLiveObjects: 0.207000 ms CreateObjectMapping: 0.066500 ms MarkObjects: 1.385100 ms  DeleteObjects: 0.089800 ms)

========================================================================
Received Prepare
Registering precompiled user dll's ...
Registered in 0.000796 seconds.
Begin MonoManager ReloadAssembly
Native extension for WindowsStandalone target not found
Native extension for OSXStandalone target not found
Refreshing native plugins compatible for Editor in 0.40 ms, found 1 plugins.
Preloading 0 native plugins for Editor in 0.00 ms.
Invoked RoslynAnalysisRunner static constructor.
RoslynAnalysisRunner will not be running.
RoslynAnalysisRunner has terminated.
Mono: successfully reloaded assembly
- Completed reload, in  0.816 seconds
Platform modules already initialized, skipping
Refreshing native plugins compatible for Editor in 0.40 ms, found 1 plugins.
Preloading 0 native plugins for Editor in 0.00 ms.
Unloading 2052 Unused Serialized files (Serialized files now loaded: 0)
System memory in use before: 92.8 MB.
System memory in use after: 92.8 MB.

Unloading 12 unused Assets to reduce memory usage. Loaded Objects now: 2558.
Total: 2.303300 ms (FindLiveObjects: 0.339700 ms CreateObjectMapping: 0.110300 ms MarkObjects: 1.747600 ms  DeleteObjects: 0.105200 ms)

========================================================================
Received Prepare
Registering precompiled user dll's ...
Registered in 0.000919 seconds.
Begin MonoManager ReloadAssembly
Native extension for WindowsStandalone target not found
Native extension for OSXStandalone target not found
Refreshing native plugins compatible for Editor in 0.38 ms, found 1 plugins.
Preloading 0 native plugins for Editor in 0.00 ms.
Invoked RoslynAnalysisRunner static constructor.
RoslynAnalysisRunner will not be running.
RoslynAnalysisRunner has terminated.
Mono: successfully reloaded assembly
- Completed reload, in  0.826 seconds
Platform modules already initialized, skipping
Refreshing native plugins compatible for Editor in 0.40 ms, found 1 plugins.
Preloading 0 native plugins for Editor in 0.00 ms.
Unloading 2052 Unused Serialized files (Serialized files now loaded: 0)
System memory in use before: 92.8 MB.
System memory in use after: 92.8 MB.

Unloading 12 unused Assets to reduce memory usage. Loaded Objects now: 2562.
Total: 2.183800 ms (FindLiveObjects: 0.277400 ms CreateObjectMapping: 0.198300 ms MarkObjects: 1.609900 ms  DeleteObjects: 0.097300 ms)

========================================================================
Received Prepare
Registering precompiled user dll's ...
Registered in 0.000760 seconds.
Begin MonoManager ReloadAssembly
Native extension for WindowsStandalone target not found
Native extension for OSXStandalone target not found
Refreshing native plugins compatible for Editor in 0.38 ms, found 1 plugins.
Preloading 0 native plugins for Editor in 0.00 ms.
Invoked RoslynAnalysisRunner static constructor.
RoslynAnalysisRunner will not be running.
RoslynAnalysisRunner has terminated.
Mono: successfully reloaded assembly
- Completed reload, in  0.824 seconds
Platform modules already initialized, skipping
Refreshing native plugins compatible for Editor in 0.41 ms, found 1 plugins.
Preloading 0 native plugins for Editor in 0.00 ms.
Unloading 2052 Unused Serialized files (Serialized files now loaded: 0)
System memory in use before: 92.8 MB.
System memory in use after: 92.8 MB.

Unloading 12 unused Assets to reduce memory usage. Loaded Objects now: 2566.
Total: 1.901900 ms (FindLiveObjects: 0.248900 ms CreateObjectMapping: 0.100700 ms MarkObjects: 1.455800 ms  DeleteObjects: 0.095800 ms)

========================================================================
Received Prepare
Registering precompiled user dll's ...
Registered in 0.000767 seconds.
Begin MonoManager ReloadAssembly
Native extension for WindowsStandalone target not found
Native extension for OSXStandalone target not found
Refreshing native plugins compatible for Editor in 0.38 ms, found 1 plugins.
Preloading 0 native plugins for Editor in 0.00 ms.
Invoked RoslynAnalysisRunner static constructor.
RoslynAnalysisRunner will not be running.
RoslynAnalysisRunner has terminated.
Mono: successfully reloaded assembly
- Completed reload, in  0.828 seconds
Platform modules already initialized, skipping
Refreshing native plugins compatible for Editor in 0.41 ms, found 1 plugins.
Preloading 0 native plugins for Editor in 0.00 ms.
Unloading 2052 Unused Serialized files (Serialized files now loaded: 0)
System memory in use before: 92.9 MB.
System memory in use after: 92.8 MB.

Unloading 12 unused Assets to reduce memory usage. Loaded Objects now: 2570.
Total: 2.332100 ms (FindLiveObjects: 0.522900 ms CreateObjectMapping: 0.095300 ms MarkObjects: 1.604000 ms  DeleteObjects: 0.109100 ms)

========================================================================
Received Prepare
Registering precompiled user dll's ...
Registered in 0.000840 seconds.
Begin MonoManager ReloadAssembly
Native extension for WindowsStandalone target not found
Native extension for OSXStandalone target not found
Refreshing native plugins compatible for Editor in 0.38 ms, found 1 plugins.
Preloading 0 native plugins for Editor in 0.00 ms.
Invoked RoslynAnalysisRunner static constructor.
RoslynAnalysisRunner will not be running.
RoslynAnalysisRunner has terminated.
Mono: successfully reloaded assembly
- Completed reload, in  0.829 seconds
Platform modules already initialized, skipping
Refreshing native plugins compatible for Editor in 0.40 ms, found 1 plugins.
Preloading 0 native plugins for Editor in 0.00 ms.
Unloading 2052 Unused Serialized files (Serialized files now loaded: 0)
System memory in use before: 92.9 MB.
System memory in use after: 92.9 MB.

Unloading 12 unused Assets to reduce memory usage. Loaded Objects now: 2574.
Total: 2.063800 ms (FindLiveObjects: 0.230100 ms CreateObjectMapping: 0.094100 ms MarkObjects: 1.603700 ms  DeleteObjects: 0.134500 ms)

========================================================================
Received Prepare
Registering precompiled user dll's ...
Registered in 0.000675 seconds.
Begin MonoManager ReloadAssembly
Native extension for WindowsStandalone target not found
Native extension for OSXStandalone target not found
Refreshing native plugins compatible for Editor in 0.44 ms, found 1 plugins.
Preloading 0 native plugins for Editor in 0.00 ms.
Invoked RoslynAnalysisRunner static constructor.
RoslynAnalysisRunner will not be running.
RoslynAnalysisRunner has terminated.
Mono: successfully reloaded assembly
- Completed reload, in  0.813 seconds
Platform modules already initialized, skipping
Refreshing native plugins compatible for Editor in 0.41 ms, found 1 plugins.
Preloading 0 native plugins for Editor in 0.00 ms.
Unloading 2052 Unused Serialized files (Serialized files now loaded: 0)
System memory in use before: 92.9 MB.
System memory in use after: 92.9 MB.

Unloading 12 unused Assets to reduce memory usage. Loaded Objects now: 2578.
Total: 2.241700 ms (FindLiveObjects: 0.446100 ms CreateObjectMapping: 0.189400 ms MarkObjects: 1.520100 ms  DeleteObjects: 0.085400 ms)

========================================================================
Received Prepare
Registering precompiled user dll's ...
Registered in 0.000920 seconds.
Begin MonoManager ReloadAssembly
Native extension for WindowsStandalone target not found
Native extension for OSXStandalone target not found
Refreshing native plugins compatible for Editor in 0.62 ms, found 1 plugins.
Preloading 0 native plugins for Editor in 0.00 ms.
Invoked RoslynAnalysisRunner static constructor.
RoslynAnalysisRunner will not be running.
RoslynAnalysisRunner has terminated.
Mono: successfully reloaded assembly
- Completed reload, in  1.536 seconds
Platform modules already initialized, skipping
Refreshing native plugins compatible for Editor in 0.66 ms, found 1 plugins.
Preloading 0 native plugins for Editor in 0.00 ms.
Unloading 2052 Unused Serialized files (Serialized files now loaded: 0)
System memory in use before: 92.9 MB.
System memory in use after: 92.9 MB.

Unloading 12 unused Assets to reduce memory usage. Loaded Objects now: 2582.
Total: 3.859700 ms (FindLiveObjects: 0.556800 ms CreateObjectMapping: 0.497900 ms MarkObjects: 2.629000 ms  DeleteObjects: 0.173600 ms)

========================================================================
Received Import Request.
  Time since last request: 1609.448526 seconds.
  path: Assets/Scripts/Player/PlayerStateAnimation.cs
  artifactKey: Guid(48db13d10cd59744fbccb08c41449f9e) Importer(815301076,1909f56bfc062723c751e8b465ee728b)
Start importing Assets/Scripts/Player/PlayerStateAnimation.cs using Guid(48db13d10cd59744fbccb08c41449f9e) Importer(815301076,1909f56bfc062723c751e8b465ee728b)  -> (artifact id: '5ed1e4af6066a4b4fbfc9225daf1f75d') in 0.012691 seconds
  Import took 0.017619 seconds .

========================================================================
Received Prepare
Registering precompiled user dll's ...
Registered in 0.000979 seconds.
Begin MonoManager ReloadAssembly
Native extension for WindowsStandalone target not found
Native extension for OSXStandalone target not found
Refreshing native plugins compatible for Editor in 0.42 ms, found 1 plugins.
Preloading 0 native plugins for Editor in 0.00 ms.
Invoked RoslynAnalysisRunner static constructor.
RoslynAnalysisRunner will not be running.
RoslynAnalysisRunner has terminated.
Mono: successfully reloaded assembly
- Completed reload, in  0.875 seconds
Platform modules already initialized, skipping
Refreshing native plugins compatible for Editor in 0.40 ms, found 1 plugins.
Preloading 0 native plugins for Editor in 0.00 ms.
Unloading 2053 Unused Serialized files (Serialized files now loaded: 0)
System memory in use before: 92.9 MB.
System memory in use after: 92.9 MB.

Unloading 12 unused Assets to reduce memory usage. Loaded Objects now: 2587.
Total: 1.987600 ms (FindLiveObjects: 0.189300 ms CreateObjectMapping: 0.077700 ms MarkObjects: 1.623700 ms  DeleteObjects: 0.096100 ms)

========================================================================
Received Prepare
Registering precompiled user dll's ...
Registered in 0.000836 seconds.
Begin MonoManager ReloadAssembly
Native extension for WindowsStandalone target not found
Native extension for OSXStandalone target not found
Refreshing native plugins compatible for Editor in 0.44 ms, found 1 plugins.
Preloading 0 native plugins for Editor in 0.00 ms.
Invoked RoslynAnalysisRunner static constructor.
RoslynAnalysisRunner will not be running.
RoslynAnalysisRunner has terminated.
Mono: successfully reloaded assembly
- Completed reload, in  0.830 seconds
Platform modules already initialized, skipping
Refreshing native plugins compatible for Editor in 0.48 ms, found 1 plugins.
Preloading 0 native plugins for Editor in 0.00 ms.
Unloading 2053 Unused Serialized files (Serialized files now loaded: 0)
System memory in use before: 92.9 MB.
System memory in use after: 92.9 MB.

Unloading 12 unused Assets to reduce memory usage. Loaded Objects now: 2591.
Total: 2.406700 ms (FindLiveObjects: 0.364500 ms CreateObjectMapping: 0.149400 ms MarkObjects: 1.770500 ms  DeleteObjects: 0.120800 ms)

========================================================================
Received Import Request.
  Time since last request: 201.551755 seconds.
  path: Assets/Scripts/Player/PlayerStateAnimation.cs
  artifactKey: Guid(48db13d10cd59744fbccb08c41449f9e) Importer(815301076,1909f56bfc062723c751e8b465ee728b)
Start importing Assets/Scripts/Player/PlayerStateAnimation.cs using Guid(48db13d10cd59744fbccb08c41449f9e) Importer(815301076,1909f56bfc062723c751e8b465ee728b)  -> (artifact id: 'b3e416d21f3f780ab0cedc39a5a7903c') in 0.004888 seconds
  Import took 0.008013 seconds .

========================================================================
Received Prepare
Registering precompiled user dll's ...
Registered in 0.000746 seconds.
Begin MonoManager ReloadAssembly
Native extension for WindowsStandalone target not found
Native extension for OSXStandalone target not found
Refreshing native plugins compatible for Editor in 0.40 ms, found 1 plugins.
Preloading 0 native plugins for Editor in 0.00 ms.
Invoked RoslynAnalysisRunner static constructor.
RoslynAnalysisRunner will not be running.
RoslynAnalysisRunner has terminated.
Mono: successfully reloaded assembly
- Completed reload, in  0.820 seconds
Platform modules already initialized, skipping
Refreshing native plugins compatible for Editor in 0.41 ms, found 1 plugins.
Preloading 0 native plugins for Editor in 0.00 ms.
Unloading 2053 Unused Serialized files (Serialized files now loaded: 0)
System memory in use before: 92.9 MB.
System memory in use after: 92.9 MB.

Unloading 12 unused Assets to reduce memory usage. Loaded Objects now: 2595.
Total: 2.106700 ms (FindLiveObjects: 0.195500 ms CreateObjectMapping: 0.073700 ms MarkObjects: 1.739900 ms  DeleteObjects: 0.096600 ms)

========================================================================
Received Import Request.
  Time since last request: 136.308063 seconds.
  path: Assets/Images/ImagesThatNeedProgrammerArt/girl/LandTimeline.playable
  artifactKey: Guid(6da0e26a2dc781347b28170a9c457774) Importer(815301076,1909f56bfc062723c751e8b465ee728b)
Start importing Assets/Images/ImagesThatNeedProgrammerArt/girl/LandTimeline.playable using Guid(6da0e26a2dc781347b28170a9c457774) Importer(815301076,1909f56bfc062723c751e8b465ee728b)  -> (artifact id: 'f561818b35a559e74b3934b58309c965') in 0.019114 seconds
  Import took 0.022584 seconds .

========================================================================
Received Prepare
Registering precompiled user dll's ...
Registered in 0.000745 seconds.
Begin MonoManager ReloadAssembly
Native extension for WindowsStandalone target not found
Native extension for OSXStandalone target not found
Refreshing native plugins compatible for Editor in 0.38 ms, found 1 plugins.
Preloading 0 native plugins for Editor in 0.00 ms.
Invoked RoslynAnalysisRunner static constructor.
RoslynAnalysisRunner will not be running.
RoslynAnalysisRunner has terminated.
Mono: successfully reloaded assembly
- Completed reload, in  0.808 seconds
Platform modules already initialized, skipping
Refreshing native plugins compatible for Editor in 0.39 ms, found 1 plugins.
Preloading 0 native plugins for Editor in 0.00 ms.
Unloading 2053 Unused Serialized files (Serialized files now loaded: 0)
System memory in use before: 92.9 MB.
System memory in use after: 92.9 MB.

Unloading 12 unused Assets to reduce memory usage. Loaded Objects now: 2599.
Total: 1.960000 ms (FindLiveObjects: 0.285600 ms CreateObjectMapping: 0.141500 ms MarkObjects: 1.430000 ms  DeleteObjects: 0.102200 ms)

========================================================================
Received Prepare
Registering precompiled user dll's ...
Registered in 0.000672 seconds.
Begin MonoManager ReloadAssembly
Native extension for WindowsStandalone target not found
Native extension for OSXStandalone target not found
Refreshing native plugins compatible for Editor in 0.43 ms, found 1 plugins.
Preloading 0 native plugins for Editor in 0.00 ms.
Invoked RoslynAnalysisRunner static constructor.
RoslynAnalysisRunner will not be running.
RoslynAnalysisRunner has terminated.
Mono: successfully reloaded assembly
- Completed reload, in  0.843 seconds
Platform modules already initialized, skipping
Refreshing native plugins compatible for Editor in 0.58 ms, found 1 plugins.
Preloading 0 native plugins for Editor in 0.00 ms.
Unloading 2053 Unused Serialized files (Serialized files now loaded: 0)
System memory in use before: 92.9 MB.
System memory in use after: 92.9 MB.

Unloading 12 unused Assets to reduce memory usage. Loaded Objects now: 2603.
Total: 2.477600 ms (FindLiveObjects: 0.388000 ms CreateObjectMapping: 0.160900 ms MarkObjects: 1.804100 ms  DeleteObjects: 0.123500 ms)

========================================================================
Received Prepare
Registering precompiled user dll's ...
Registered in 0.000799 seconds.
Begin MonoManager ReloadAssembly
Native extension for WindowsStandalone target not found
Native extension for OSXStandalone target not found
Refreshing native plugins compatible for Editor in 0.39 ms, found 1 plugins.
Preloading 0 native plugins for Editor in 0.00 ms.
Invoked RoslynAnalysisRunner static constructor.
RoslynAnalysisRunner will not be running.
RoslynAnalysisRunner has terminated.
Mono: successfully reloaded assembly
- Completed reload, in  0.798 seconds
Platform modules already initialized, skipping
Refreshing native plugins compatible for Editor in 0.39 ms, found 1 plugins.
Preloading 0 native plugins for Editor in 0.00 ms.
Unloading 2053 Unused Serialized files (Serialized files now loaded: 0)
System memory in use before: 92.9 MB.
System memory in use after: 92.9 MB.

Unloading 12 unused Assets to reduce memory usage. Loaded Objects now: 2607.
Total: 1.793600 ms (FindLiveObjects: 0.267800 ms CreateObjectMapping: 0.076800 ms MarkObjects: 1.361000 ms  DeleteObjects: 0.087500 ms)

========================================================================
Received Prepare
Registering precompiled user dll's ...
Registered in 0.000885 seconds.
Begin MonoManager ReloadAssembly
Native extension for WindowsStandalone target not found
Native extension for OSXStandalone target not found
Refreshing native plugins compatible for Editor in 0.37 ms, found 1 plugins.
Preloading 0 native plugins for Editor in 0.00 ms.
Invoked RoslynAnalysisRunner static constructor.
RoslynAnalysisRunner will not be running.
RoslynAnalysisRunner has terminated.
Mono: successfully reloaded assembly
- Completed reload, in  0.814 seconds
Platform modules already initialized, skipping
Refreshing native plugins compatible for Editor in 0.39 ms, found 1 plugins.
Preloading 0 native plugins for Editor in 0.00 ms.
Unloading 2053 Unused Serialized files (Serialized files now loaded: 0)
System memory in use before: 93.0 MB.
System memory in use after: 93.0 MB.

Unloading 12 unused Assets to reduce memory usage. Loaded Objects now: 2611.
Total: 1.866700 ms (FindLiveObjects: 0.250200 ms CreateObjectMapping: 0.085200 ms MarkObjects: 1.427000 ms  DeleteObjects: 0.103500 ms)

========================================================================
Received Prepare
Registering precompiled user dll's ...
Registered in 0.000735 seconds.
Begin MonoManager ReloadAssembly
Native extension for WindowsStandalone target not found
Native extension for OSXStandalone target not found
Refreshing native plugins compatible for Editor in 0.47 ms, found 1 plugins.
Preloading 0 native plugins for Editor in 0.00 ms.
Invoked RoslynAnalysisRunner static constructor.
RoslynAnalysisRunner will not be running.
RoslynAnalysisRunner has terminated.
Mono: successfully reloaded assembly
- Completed reload, in  0.817 seconds
Platform modules already initialized, skipping
Refreshing native plugins compatible for Editor in 0.43 ms, found 1 plugins.
Preloading 0 native plugins for Editor in 0.00 ms.
Unloading 2053 Unused Serialized files (Serialized files now loaded: 0)
System memory in use before: 93.0 MB.
System memory in use after: 93.0 MB.

Unloading 12 unused Assets to reduce memory usage. Loaded Objects now: 2615.
Total: 2.184300 ms (FindLiveObjects: 0.240800 ms CreateObjectMapping: 0.194600 ms MarkObjects: 1.629200 ms  DeleteObjects: 0.118800 ms)

========================================================================
Received Prepare
Registering precompiled user dll's ...
Registered in 0.000888 seconds.
Begin MonoManager ReloadAssembly
Native extension for WindowsStandalone target not found
Native extension for OSXStandalone target not found
Refreshing native plugins compatible for Editor in 0.43 ms, found 1 plugins.
Preloading 0 native plugins for Editor in 0.00 ms.
Invoked RoslynAnalysisRunner static constructor.
RoslynAnalysisRunner will not be running.
RoslynAnalysisRunner has terminated.
Mono: successfully reloaded assembly
- Completed reload, in  0.792 seconds
Platform modules already initialized, skipping
Refreshing native plugins compatible for Editor in 0.39 ms, found 1 plugins.
Preloading 0 native plugins for Editor in 0.00 ms.
Unloading 2053 Unused Serialized files (Serialized files now loaded: 0)
System memory in use before: 93.0 MB.
System memory in use after: 93.0 MB.

Unloading 12 unused Assets to reduce memory usage. Loaded Objects now: 2619.
Total: 1.978200 ms (FindLiveObjects: 0.203700 ms CreateObjectMapping: 0.080900 ms MarkObjects: 1.597000 ms  DeleteObjects: 0.096000 ms)

========================================================================
Received Import Request.
  Time since last request: 884.997038 seconds.
  path: Assets/Scripts/Camera/CameraManager.cs
  artifactKey: Guid(d405027935123474ba54aca6310defdf) Importer(815301076,1909f56bfc062723c751e8b465ee728b)
Start importing Assets/Scripts/Camera/CameraManager.cs using Guid(d405027935123474ba54aca6310defdf) Importer(815301076,1909f56bfc062723c751e8b465ee728b)  -> (artifact id: 'c2c7c28b75b5ffb162cbea870fdebaaf') in 0.009144 seconds
  Import took 0.012511 seconds .

========================================================================
Received Import Request.
  Time since last request: 0.029261 seconds.
  path: Assets/Scripts/Camera/CameraManager.cs
  artifactKey: Guid(d405027935123474ba54aca6310defdf) Importer(815301076,1909f56bfc062723c751e8b465ee728b)
Start importing Assets/Scripts/Camera/CameraManager.cs using Guid(d405027935123474ba54aca6310defdf) Importer(815301076,1909f56bfc062723c751e8b465ee728b)  -> (artifact id: 'c2c7c28b75b5ffb162cbea870fdebaaf') in 0.002064 seconds
  Import took 0.005256 seconds .

========================================================================
Received Import Request.
  Time since last request: 0.970298 seconds.
  path: Assets/Scripts/Camera/CameraMessage.cs
  artifactKey: Guid(d8e4b1e5e1fb8a54aaf786fc977cdacc) Importer(815301076,1909f56bfc062723c751e8b465ee728b)
Start importing Assets/Scripts/Camera/CameraMessage.cs using Guid(d8e4b1e5e1fb8a54aaf786fc977cdacc) Importer(815301076,1909f56bfc062723c751e8b465ee728b)  -> (artifact id: 'bd01a60245bdc87c59ba994940a5382d') in 0.005633 seconds
  Import took 0.009626 seconds .

========================================================================
Received Import Request.
  Time since last request: 19.910925 seconds.
  path: Assets/Scripts/Camera/CameraMessage1.cs
  artifactKey: Guid(522965b302d33e7498a91d7e98228594) Importer(815301076,1909f56bfc062723c751e8b465ee728b)
Start importing Assets/Scripts/Camera/CameraMessage1.cs using Guid(522965b302d33e7498a91d7e98228594) Importer(815301076,1909f56bfc062723c751e8b465ee728b)  -> (artifact id: '635921dfc4224b46b9a8ccd1e52c0be8') in 0.006834 seconds
  Import took 0.011403 seconds .

========================================================================
Received Import Request.
  Time since last request: 14.059934 seconds.
  path: Assets/Scripts/Player/CharacterMessage.cs
  artifactKey: Guid(522965b302d33e7498a91d7e98228594) Importer(815301076,1909f56bfc062723c751e8b465ee728b)
Start importing Assets/Scripts/Player/CharacterMessage.cs using Guid(522965b302d33e7498a91d7e98228594) Importer(815301076,1909f56bfc062723c751e8b465ee728b)  -> (artifact id: '953464f4b29e6bc7f9add703a3c0dff2') in 0.006839 seconds
  Import took 0.010282 seconds .

========================================================================
Received Import Request.
  Time since last request: 6.681073 seconds.
  path: Assets/Scripts/Player/PlayerMessage.cs
  artifactKey: Guid(522965b302d33e7498a91d7e98228594) Importer(815301076,1909f56bfc062723c751e8b465ee728b)
Start importing Assets/Scripts/Player/PlayerMessage.cs using Guid(522965b302d33e7498a91d7e98228594) Importer(815301076,1909f56bfc062723c751e8b465ee728b)  -> (artifact id: '1e988eb90a5f211a1edbcb6d872184e0') in 0.008653 seconds
  Import took 0.012956 seconds .

========================================================================
Received Import Request.
  Time since last request: 178.505505 seconds.
  path: Assets/Scripts/Player/PlayerMessage.cs
  artifactKey: Guid(522965b302d33e7498a91d7e98228594) Importer(815301076,1909f56bfc062723c751e8b465ee728b)
Start importing Assets/Scripts/Player/PlayerMessage.cs using Guid(522965b302d33e7498a91d7e98228594) Importer(815301076,1909f56bfc062723c751e8b465ee728b)  -> (artifact id: '36232035b97dd9bfd940dd0e55472d93') in 0.002191 seconds
  Import took 0.005666 seconds .

========================================================================
Received Import Request.
  Time since last request: 5.416044 seconds.
  path: Assets/Scripts/Camera/CameraDirection1.cs
  artifactKey: Guid(519c16fea7a11ec419d71ccddd37b86e) Importer(815301076,1909f56bfc062723c751e8b465ee728b)
Start importing Assets/Scripts/Camera/CameraDirection1.cs using Guid(519c16fea7a11ec419d71ccddd37b86e) Importer(815301076,1909f56bfc062723c751e8b465ee728b)  -> (artifact id: '5c5e2fc7de9dab6818464b42af4cf52f') in 0.006652 seconds
  Import took 0.010523 seconds .

========================================================================
Received Import Request.
  Time since last request: 14.805008 seconds.
  path: Assets/Scripts/Camera/PlayerDirection.cs
  artifactKey: Guid(519c16fea7a11ec419d71ccddd37b86e) Importer(815301076,1909f56bfc062723c751e8b465ee728b)
Start importing Assets/Scripts/Camera/PlayerDirection.cs using Guid(519c16fea7a11ec419d71ccddd37b86e) Importer(815301076,1909f56bfc062723c751e8b465ee728b)  -> (artifact id: 'ff526b432a5d062bfec2679c73ba101c') in 0.008893 seconds
  Import took 0.012487 seconds .

========================================================================
Received Prepare
Registering precompiled user dll's ...
Registered in 0.000982 seconds.
Begin MonoManager ReloadAssembly
Native extension for WindowsStandalone target not found
Native extension for OSXStandalone target not found
Refreshing native plugins compatible for Editor in 0.39 ms, found 1 plugins.
Preloading 0 native plugins for Editor in 0.00 ms.
Invoked RoslynAnalysisRunner static constructor.
RoslynAnalysisRunner will not be running.
RoslynAnalysisRunner has terminated.
Mono: successfully reloaded assembly
- Completed reload, in  0.800 seconds
Platform modules already initialized, skipping
Refreshing native plugins compatible for Editor in 0.41 ms, found 1 plugins.
Preloading 0 native plugins for Editor in 0.00 ms.
Unloading 2055 Unused Serialized files (Serialized files now loaded: 0)
System memory in use before: 93.0 MB.
System memory in use after: 93.0 MB.

Unloading 12 unused Assets to reduce memory usage. Loaded Objects now: 2625.
Total: 2.147600 ms (FindLiveObjects: 0.234000 ms CreateObjectMapping: 0.090800 ms MarkObjects: 1.685200 ms  DeleteObjects: 0.136700 ms)

========================================================================
Received Import Request.
  Time since last request: 12.752081 seconds.
  path: Assets/Scripts/Camera/PlayerDirection.cs
  artifactKey: Guid(519c16fea7a11ec419d71ccddd37b86e) Importer(815301076,1909f56bfc062723c751e8b465ee728b)
Start importing Assets/Scripts/Camera/PlayerDirection.cs using Guid(519c16fea7a11ec419d71ccddd37b86e) Importer(815301076,1909f56bfc062723c751e8b465ee728b)  -> (artifact id: '8f2ceb80974813149b3cc8af13e3bc44') in 0.004598 seconds
  Import took 0.008117 seconds .

========================================================================
Received Prepare
Registering precompiled user dll's ...
Registered in 0.000742 seconds.
Begin MonoManager ReloadAssembly
Native extension for WindowsStandalone target not found
Native extension for OSXStandalone target not found
Refreshing native plugins compatible for Editor in 0.50 ms, found 1 plugins.
Preloading 0 native plugins for Editor in 0.00 ms.
Invoked RoslynAnalysisRunner static constructor.
RoslynAnalysisRunner will not be running.
RoslynAnalysisRunner has terminated.
Mono: successfully reloaded assembly
- Completed reload, in  0.902 seconds
Platform modules already initialized, skipping
Refreshing native plugins compatible for Editor in 0.45 ms, found 1 plugins.
Preloading 0 native plugins for Editor in 0.00 ms.
Unloading 2055 Unused Serialized files (Serialized files now loaded: 0)
System memory in use before: 93.0 MB.
System memory in use after: 93.0 MB.

Unloading 12 unused Assets to reduce memory usage. Loaded Objects now: 2629.
Total: 2.418100 ms (FindLiveObjects: 0.319200 ms CreateObjectMapping: 0.155800 ms MarkObjects: 1.826500 ms  DeleteObjects: 0.115400 ms)

========================================================================
Received Prepare
Registering precompiled user dll's ...
Registered in 0.000862 seconds.
Begin MonoManager ReloadAssembly
Native extension for WindowsStandalone target not found
Native extension for OSXStandalone target not found
Refreshing native plugins compatible for Editor in 0.43 ms, found 1 plugins.
Preloading 0 native plugins for Editor in 0.00 ms.
Invoked RoslynAnalysisRunner static constructor.
RoslynAnalysisRunner will not be running.
RoslynAnalysisRunner has terminated.
Mono: successfully reloaded assembly
- Completed reload, in  0.805 seconds
Platform modules already initialized, skipping
Refreshing native plugins compatible for Editor in 0.43 ms, found 1 plugins.
Preloading 0 native plugins for Editor in 0.00 ms.
Unloading 2055 Unused Serialized files (Serialized files now loaded: 0)
System memory in use before: 93.1 MB.
System memory in use after: 93.0 MB.

Unloading 12 unused Assets to reduce memory usage. Loaded Objects now: 2633.
Total: 1.964300 ms (FindLiveObjects: 0.198300 ms CreateObjectMapping: 0.077100 ms MarkObjects: 1.597500 ms  DeleteObjects: 0.090100 ms)

========================================================================
Received Import Request.
  Time since last request: 575.518169 seconds.
  path: Assets/Scripts/Player/PlayerDirection.cs
  artifactKey: Guid(519c16fea7a11ec419d71ccddd37b86e) Importer(815301076,1909f56bfc062723c751e8b465ee728b)
Start importing Assets/Scripts/Player/PlayerDirection.cs using Guid(519c16fea7a11ec419d71ccddd37b86e) Importer(815301076,1909f56bfc062723c751e8b465ee728b)  -> (artifact id: '068e89195199b4aa9e1513714f7dfb24') in 0.004770 seconds
  Import took 0.007792 seconds .

========================================================================
Received Import Request.
  Time since last request: 0.013561 seconds.
  path: Assets/Scripts/Player/PlayerDirection.cs
  artifactKey: Guid(519c16fea7a11ec419d71ccddd37b86e) Importer(815301076,1909f56bfc062723c751e8b465ee728b)
Start importing Assets/Scripts/Player/PlayerDirection.cs using Guid(519c16fea7a11ec419d71ccddd37b86e) Importer(815301076,1909f56bfc062723c751e8b465ee728b)  -> (artifact id: '068e89195199b4aa9e1513714f7dfb24') in 0.002505 seconds
  Import took 0.006547 seconds .

========================================================================
Received Prepare
Registering precompiled user dll's ...
Registered in 0.000901 seconds.
Begin MonoManager ReloadAssembly
Native extension for WindowsStandalone target not found
Native extension for OSXStandalone target not found
Refreshing native plugins compatible for Editor in 0.37 ms, found 1 plugins.
Preloading 0 native plugins for Editor in 0.00 ms.
Invoked RoslynAnalysisRunner static constructor.
RoslynAnalysisRunner will not be running.
RoslynAnalysisRunner has terminated.
Mono: successfully reloaded assembly
- Completed reload, in  0.804 seconds
Platform modules already initialized, skipping
Refreshing native plugins compatible for Editor in 0.41 ms, found 1 plugins.
Preloading 0 native plugins for Editor in 0.00 ms.
Unloading 2055 Unused Serialized files (Serialized files now loaded: 0)
System memory in use before: 93.1 MB.
System memory in use after: 93.1 MB.

Unloading 12 unused Assets to reduce memory usage. Loaded Objects now: 2637.
Total: 1.894900 ms (FindLiveObjects: 0.227400 ms CreateObjectMapping: 0.085700 ms MarkObjects: 1.481900 ms  DeleteObjects: 0.099200 ms)

========================================================================
Received Prepare
Registering precompiled user dll's ...
Registered in 0.001343 seconds.
Begin MonoManager ReloadAssembly
Native extension for WindowsStandalone target not found
Native extension for OSXStandalone target not found
Refreshing native plugins compatible for Editor in 0.60 ms, found 1 plugins.
Preloading 0 native plugins for Editor in 0.00 ms.
Invoked RoslynAnalysisRunner static constructor.
RoslynAnalysisRunner will not be running.
RoslynAnalysisRunner has terminated.
Mono: successfully reloaded assembly
- Completed reload, in  1.364 seconds
Platform modules already initialized, skipping
Refreshing native plugins compatible for Editor in 0.66 ms, found 1 plugins.
Preloading 0 native plugins for Editor in 0.00 ms.
Unloading 2055 Unused Serialized files (Serialized files now loaded: 0)
System memory in use before: 93.1 MB.
System memory in use after: 93.1 MB.

Unloading 12 unused Assets to reduce memory usage. Loaded Objects now: 2641.
Total: 2.014100 ms (FindLiveObjects: 0.275300 ms CreateObjectMapping: 0.136900 ms MarkObjects: 1.462300 ms  DeleteObjects: 0.138800 ms)

========================================================================
Received Prepare
Registering precompiled user dll's ...
Registered in 0.000720 seconds.
Begin MonoManager ReloadAssembly
Native extension for WindowsStandalone target not found
Native extension for OSXStandalone target not found
Refreshing native plugins compatible for Editor in 0.39 ms, found 1 plugins.
Preloading 0 native plugins for Editor in 0.00 ms.
Invoked RoslynAnalysisRunner static constructor.
RoslynAnalysisRunner will not be running.
RoslynAnalysisRunner has terminated.
Mono: successfully reloaded assembly
- Completed reload, in  0.810 seconds
Platform modules already initialized, skipping
Refreshing native plugins compatible for Editor in 0.38 ms, found 1 plugins.
Preloading 0 native plugins for Editor in 0.00 ms.
Unloading 2055 Unused Serialized files (Serialized files now loaded: 0)
System memory in use before: 93.1 MB.
System memory in use after: 93.1 MB.

Unloading 12 unused Assets to reduce memory usage. Loaded Objects now: 2645.
Total: 1.817800 ms (FindLiveObjects: 0.243400 ms CreateObjectMapping: 0.084400 ms MarkObjects: 1.387200 ms  DeleteObjects: 0.102000 ms)

========================================================================
Received Prepare
Registering precompiled user dll's ...
Registered in 0.000878 seconds.
Begin MonoManager ReloadAssembly
Native extension for WindowsStandalone target not found
Native extension for OSXStandalone target not found
Refreshing native plugins compatible for Editor in 0.49 ms, found 1 plugins.
Preloading 0 native plugins for Editor in 0.00 ms.
Invoked RoslynAnalysisRunner static constructor.
RoslynAnalysisRunner will not be running.
RoslynAnalysisRunner has terminated.
Mono: successfully reloaded assembly
- Completed reload, in  0.791 seconds
Platform modules already initialized, skipping
Refreshing native plugins compatible for Editor in 0.39 ms, found 1 plugins.
Preloading 0 native plugins for Editor in 0.00 ms.
Unloading 2055 Unused Serialized files (Serialized files now loaded: 0)
System memory in use before: 93.1 MB.
System memory in use after: 93.1 MB.

Unloading 12 unused Assets to reduce memory usage. Loaded Objects now: 2649.
Total: 1.961000 ms (FindLiveObjects: 0.213800 ms CreateObjectMapping: 0.069800 ms MarkObjects: 1.539800 ms  DeleteObjects: 0.136900 ms)

========================================================================
Received Prepare
Registering precompiled user dll's ...
Registered in 0.000749 seconds.
Begin MonoManager ReloadAssembly
Native extension for WindowsStandalone target not found
Native extension for OSXStandalone target not found
Refreshing native plugins compatible for Editor in 0.37 ms, found 1 plugins.
Preloading 0 native plugins for Editor in 0.00 ms.
Invoked RoslynAnalysisRunner static constructor.
RoslynAnalysisRunner will not be running.
RoslynAnalysisRunner has terminated.
Mono: successfully reloaded assembly
- Completed reload, in  0.788 seconds
Platform modules already initialized, skipping
Refreshing native plugins compatible for Editor in 0.40 ms, found 1 plugins.
Preloading 0 native plugins for Editor in 0.00 ms.
Unloading 2055 Unused Serialized files (Serialized files now loaded: 0)
System memory in use before: 93.1 MB.
System memory in use after: 93.1 MB.

Unloading 12 unused Assets to reduce memory usage. Loaded Objects now: 2653.
Total: 1.928200 ms (FindLiveObjects: 0.199600 ms CreateObjectMapping: 0.079500 ms MarkObjects: 1.561900 ms  DeleteObjects: 0.086500 ms)

========================================================================
Received Prepare
Registering precompiled user dll's ...
Registered in 0.000739 seconds.
Begin MonoManager ReloadAssembly
Native extension for WindowsStandalone target not found
Native extension for OSXStandalone target not found
Refreshing native plugins compatible for Editor in 0.38 ms, found 1 plugins.
Preloading 0 native plugins for Editor in 0.00 ms.
Invoked RoslynAnalysisRunner static constructor.
RoslynAnalysisRunner will not be running.
RoslynAnalysisRunner has terminated.
Mono: successfully reloaded assembly
- Completed reload, in  0.816 seconds
Platform modules already initialized, skipping
Refreshing native plugins compatible for Editor in 0.38 ms, found 1 plugins.
Preloading 0 native plugins for Editor in 0.00 ms.
Unloading 2055 Unused Serialized files (Serialized files now loaded: 0)
System memory in use before: 93.1 MB.
System memory in use after: 93.1 MB.

Unloading 12 unused Assets to reduce memory usage. Loaded Objects now: 2657.
Total: 2.082000 ms (FindLiveObjects: 0.203400 ms CreateObjectMapping: 0.146300 ms MarkObjects: 1.628400 ms  DeleteObjects: 0.102800 ms)

========================================================================
Received Prepare
Registering precompiled user dll's ...
Registered in 0.000953 seconds.
Begin MonoManager ReloadAssembly
Native extension for WindowsStandalone target not found
Native extension for OSXStandalone target not found
Refreshing native plugins compatible for Editor in 0.39 ms, found 1 plugins.
Preloading 0 native plugins for Editor in 0.00 ms.
Invoked RoslynAnalysisRunner static constructor.
RoslynAnalysisRunner will not be running.
RoslynAnalysisRunner has terminated.
Mono: successfully reloaded assembly
- Completed reload, in  0.806 seconds
Platform modules already initialized, skipping
Refreshing native plugins compatible for Editor in 0.41 ms, found 1 plugins.
Preloading 0 native plugins for Editor in 0.00 ms.
Unloading 2055 Unused Serialized files (Serialized files now loaded: 0)
System memory in use before: 93.1 MB.
System memory in use after: 93.1 MB.

Unloading 12 unused Assets to reduce memory usage. Loaded Objects now: 2661.
Total: 2.484800 ms (FindLiveObjects: 0.335100 ms CreateObjectMapping: 0.194100 ms MarkObjects: 1.816600 ms  DeleteObjects: 0.137900 ms)

========================================================================
Received Prepare
Registering precompiled user dll's ...
Registered in 0.000713 seconds.
Begin MonoManager ReloadAssembly
Native extension for WindowsStandalone target not found
Native extension for OSXStandalone target not found
Refreshing native plugins compatible for Editor in 0.44 ms, found 1 plugins.
Preloading 0 native plugins for Editor in 0.00 ms.
Invoked RoslynAnalysisRunner static constructor.
RoslynAnalysisRunner will not be running.
RoslynAnalysisRunner has terminated.
Mono: successfully reloaded assembly
- Completed reload, in  0.779 seconds
Platform modules already initialized, skipping
Refreshing native plugins compatible for Editor in 0.38 ms, found 1 plugins.
Preloading 0 native plugins for Editor in 0.00 ms.
Unloading 2055 Unused Serialized files (Serialized files now loaded: 0)
System memory in use before: 93.1 MB.
System memory in use after: 93.1 MB.

Unloading 12 unused Assets to reduce memory usage. Loaded Objects now: 2665.
Total: 2.337300 ms (FindLiveObjects: 0.385300 ms CreateObjectMapping: 0.079100 ms MarkObjects: 1.765100 ms  DeleteObjects: 0.107000 ms)

========================================================================
Received Prepare
Registering precompiled user dll's ...
Registered in 0.000705 seconds.
Begin MonoManager ReloadAssembly
Native extension for WindowsStandalone target not found
Native extension for OSXStandalone target not found
Refreshing native plugins compatible for Editor in 0.40 ms, found 1 plugins.
Preloading 0 native plugins for Editor in 0.00 ms.
Invoked RoslynAnalysisRunner static constructor.
RoslynAnalysisRunner will not be running.
RoslynAnalysisRunner has terminated.
Mono: successfully reloaded assembly
- Completed reload, in  0.743 seconds
Platform modules already initialized, skipping
Refreshing native plugins compatible for Editor in 0.48 ms, found 1 plugins.
Preloading 0 native plugins for Editor in 0.00 ms.
Unloading 2055 Unused Serialized files (Serialized files now loaded: 0)
System memory in use before: 93.1 MB.
System memory in use after: 93.1 MB.

Unloading 12 unused Assets to reduce memory usage. Loaded Objects now: 2669.
Total: 2.037500 ms (FindLiveObjects: 0.320900 ms CreateObjectMapping: 0.091300 ms MarkObjects: 1.534000 ms  DeleteObjects: 0.090500 ms)

AssetImportWorkerClient::OnTransportError - code=2 error=End of file
